<?xml version="1.0" encoding="UTF-8"?>
<testsuite name="OperacaoNumeroTest" tests="1" skipped="0" failures="0" errors="0" timestamp="2023-10-26T04:18:55" hostname="DESKTOP-AK2JNTF" time="0.025">
  <properties/>
  <testcase name="verifica Se String Eh Palindromo" classname="OperacaoNumeroTest" time="0.025"/>
  <system-out><![CDATA[]]></system-out>
  <system-err><![CDATA[]]></system-err>
</testsuite>
