<?xml version="1.0" encoding="UTF-8"?>
<testsuite name="CalculadoraTest" tests="1" skipped="0" failures="0" errors="0" timestamp="2023-10-19T18:06:47" hostname="Administradors-MacBook-Pro.local" time="0.046">
  <properties/>
  <testcase name="multiplicarNumeros()" classname="CalculadoraTest" time="0.046"/>
  <system-out><![CDATA[]]></system-out>
  <system-err><![CDATA[]]></system-err>
</testsuite>
